# JRE version: OpenJDK Runtime Environment (17.0.6) (build 17.0.6+0-b2043.56-9586694)
# Java VM: OpenJDK 64-Bit Server VM (17.0.6+0-b2043.56-9586694, mixed mode, tiered, compressed oops, compressed class ptrs, g1 gc, windows-amd64)
GC Precious Log:
 CPUs: 8 total, 8 available
 Memory: 12030M
 Large Page Support: Disabled
 NUMA Support: Disabled
 Compressed Oops: Enabled (32-bit)
 Heap Region Size: 1M
 Heap Min Capacity: 8M
 Heap Initial Capacity: 188M
 Heap Max Capacity: 2G
 Pre-touch: Disabled
 Parallel Workers: 8
 Concurrent Workers: 2
 Concurrent Refinement Workers: 8
 Periodic GC: Disabled
Heap:
 garbage-first heap   total 238592K, used 96862K [0x0000000080000000, 0x0000000100000000)
  region size 1024K, 9 young (9216K), 9 survivors (9216K)
 Metaspace       used 45583K, committed 46016K, reserved 1089536K
  class space    used 5987K, committed 6208K, reserved 1048576K
GC Heap History (20 events):
Event: 15.690 GC heap after
{Heap after GC invocations=47 (full 0):
 garbage-first heap   total 198656K, used 85266K [0x0000000080000000, 0x0000000100000000)
  region size 1024K, 7 young (7168K), 7 survivors (7168K)
 Metaspace       used 45576K, committed 46016K, reserved 1089536K
  class space    used 5986K, committed 6208K, reserved 1048576K
}
Event: 16.375 GC heap before
{Heap before GC invocations=47 (full 0):
 garbage-first heap   total 198656K, used 170258K [0x0000000080000000, 0x0000000100000000)
  region size 1024K, 90 young (92160K), 7 survivors (7168K)
 Metaspace       used 45577K, committed 46016K, reserved 1089536K
  class space    used 5986K, committed 6208K, reserved 1048576K
}
Event: 16.384 GC heap after
{Heap after GC invocations=48 (full 0):
 garbage-first heap   total 198656K, used 86201K [0x0000000080000000, 0x0000000100000000)
  region size 1024K, 7 young (7168K), 7 survivors (7168K)
 Metaspace       used 45577K, committed 46016K, reserved 1089536K
  class space    used 5986K, committed 6208K, reserved 1048576K
}
Event: 16.897 GC heap before
{Heap before GC invocations=48 (full 0):
 garbage-first heap   total 198656K, used 170169K [0x0000000080000000, 0x0000000100000000)
  region size 1024K, 89 young (91136K), 7 survivors (7168K)
 Metaspace       used 45578K, committed 46016K, reserved 1089536K
  class space    used 5986K, committed 6208K, reserved 1048576K
}
Event: 16.905 GC heap after
{Heap after GC invocations=49 (full 0):
 garbage-first heap   total 198656K, used 87162K [0x0000000080000000, 0x0000000100000000)
  region size 1024K, 8 young (8192K), 8 survivors (8192K)
 Metaspace       used 45578K, committed 46016K, reserved 1089536K
  class space    used 5986K, committed 6208K, reserved 1048576K
}
Event: 17.295 GC heap before
{Heap before GC invocations=49 (full 0):
 garbage-first heap   total 198656K, used 169082K [0x0000000080000000, 0x0000000100000000)
  region size 1024K, 88 young (90112K), 8 survivors (8192K)
 Metaspace       used 45578K, committed 46016K, reserved 1089536K
  class space    used 5986K, committed 6208K, reserved 1048576K
}
Event: 17.302 GC heap after
{Heap after GC invocations=50 (full 0):
 garbage-first heap   total 198656K, used 87473K [0x0000000080000000, 0x0000000100000000)
  region size 1024K, 7 young (7168K), 7 survivors (7168K)
 Metaspace       used 45578K, committed 46016K, reserved 1089536K
  class space    used 5986K, committed 6208K, reserved 1048576K
}
Event: 17.790 GC heap before
{Heap before GC invocations=50 (full 0):
 garbage-first heap   total 198656K, used 173489K [0x0000000080000000, 0x0000000100000000)
  region size 1024K, 87 young (89088K), 7 survivors (7168K)
 Metaspace       used 45578K, committed 46016K, reserved 1089536K
  class space    used 5986K, committed 6208K, reserved 1048576K
}
Event: 17.798 GC heap after
{Heap after GC invocations=51 (full 0):
 garbage-first heap   total 238592K, used 89352K [0x0000000080000000, 0x0000000100000000)
  region size 1024K, 8 young (8192K), 8 survivors (8192K)
 Metaspace       used 45578K, committed 46016K, reserved 1089536K
  class space    used 5986K, committed 6208K, reserved 1048576K
}
Event: 18.254 GC heap before
{Heap before GC invocations=51 (full 0):
 garbage-first heap   total 238592K, used 204040K [0x0000000080000000, 0x0000000100000000)
  region size 1024K, 121 young (123904K), 8 survivors (8192K)
 Metaspace       used 45579K, committed 46016K, reserved 1089536K
  class space    used 5986K, committed 6208K, reserved 1048576K
}
Event: 18.261 GC heap after
{Heap after GC invocations=52 (full 0):
 garbage-first heap   total 238592K, used 90579K [0x0000000080000000, 0x0000000100000000)
  region size 1024K, 9 young (9216K), 9 survivors (9216K)
 Metaspace       used 45579K, committed 46016K, reserved 1089536K
  class space    used 5986K, committed 6208K, reserved 1048576K
}
Event: 18.632 GC heap before
{Heap before GC invocations=52 (full 0):
 garbage-first heap   total 238592K, used 213459K [0x0000000080000000, 0x0000000100000000)
  region size 1024K, 120 young (122880K), 9 survivors (9216K)
 Metaspace       used 45582K, committed 46016K, reserved 1089536K
  class space    used 5987K, committed 6208K, reserved 1048576K
}
Event: 18.641 GC heap after
{Heap after GC invocations=53 (full 0):
 garbage-first heap   total 238592K, used 91459K [0x0000000080000000, 0x0000000100000000)
  region size 1024K, 9 young (9216K), 9 survivors (9216K)
 Metaspace       used 45582K, committed 46016K, reserved 1089536K
  class space    used 5987K, committed 6208K, reserved 1048576K
}
Event: 19.125 GC heap before
{Heap before GC invocations=53 (full 0):
 garbage-first heap   total 238592K, used 204099K [0x0000000080000000, 0x0000000100000000)
  region size 1024K, 119 young (121856K), 9 survivors (9216K)
 Metaspace       used 45583K, committed 46016K, reserved 1089536K
  class space    used 5987K, committed 6208K, reserved 1048576K
}
Event: 19.136 GC heap after
{Heap after GC invocations=54 (full 0):
 garbage-first heap   total 238592K, used 93023K [0x0000000080000000, 0x0000000100000000)
  region size 1024K, 9 young (9216K), 9 survivors (9216K)
 Metaspace       used 45583K, committed 46016K, reserved 1089536K
  class space    used 5987K, committed 6208K, reserved 1048576K
}
Event: 19.575 GC heap before
{Heap before GC invocations=54 (full 0):
 garbage-first heap   total 238592K, used 205663K [0x0000000080000000, 0x0000000100000000)
  region size 1024K, 118 young (120832K), 9 survivors (9216K)
 Metaspace       used 45583K, committed 46016K, reserved 1089536K
  class space    used 5987K, committed 6208K, reserved 1048576K
}
Event: 19.587 GC heap after
{Heap after GC invocations=55 (full 0):
 garbage-first heap   total 238592K, used 94493K [0x0000000080000000, 0x0000000100000000)
  region size 1024K, 9 young (9216K), 9 survivors (9216K)
 Metaspace       used 45583K, committed 46016K, reserved 1089536K
  class space    used 5987K, committed 6208K, reserved 1048576K
}
Event: 20.021 GC heap before
{Heap before GC invocations=55 (full 0):
 garbage-first heap   total 238592K, used 205085K [0x0000000080000000, 0x0000000100000000)
  region size 1024K, 115 young (117760K), 9 survivors (9216K)
 Metaspace       used 45583K, committed 46016K, reserved 1089536K
  class space    used 5987K, committed 6208K, reserved 1048576K
}
Event: 20.030 GC heap after
{Heap after GC invocations=56 (full 0):
 garbage-first heap   total 238592K, used 95516K [0x0000000080000000, 0x0000000100000000)
  region size 1024K, 10 young (10240K), 10 survivors (10240K)
 Metaspace       used 45583K, committed 46016K, reserved 1089536K
  class space    used 5987K, committed 6208K, reserved 1048576K
}
Event: 20.443 GC heap before
{Heap before GC invocations=56 (full 0):
 garbage-first heap   total 238592K, used 202012K [0x0000000080000000, 0x0000000100000000)
  region size 1024K, 114 young (116736K), 10 survivors (10240K)
 Metaspace       used 45583K, committed 46016K, reserved 1089536K
  class space    used 5987K, committed 6208K, reserved 1048576K
}

