# JRE version: OpenJDK Runtime Environment (17.0.6) (build 17.0.6+0-b2043.56-9586694)
# Java VM: OpenJDK 64-Bit Server VM (17.0.6+0-b2043.56-9586694, mixed mode, tiered, compressed oops, compressed class ptrs, g1 gc, windows-amd64)
GC Precious Log:
 CPUs: 8 total, 8 available
 Memory: 12030M
 Large Page Support: Disabled
 NUMA Support: Disabled
 Compressed Oops: Enabled (32-bit)
 Heap Region Size: 1M
 Heap Min Capacity: 8M
 Heap Initial Capacity: 188M
 Heap Max Capacity: 2G
 Pre-touch: Disabled
 Parallel Workers: 8
 Concurrent Workers: 2
 Concurrent Refinement Workers: 8
 Periodic GC: Disabled
Heap:
 garbage-first heap   total 109568K, used 63165K [0x0000000080000000, 0x0000000100000000)
  region size 1024K, 4 young (4096K), 2 survivors (2048K)
 Metaspace       used 44678K, committed 45056K, reserved 1089536K
  class space    used 5883K, committed 6080K, reserved 1048576K
GC Heap History (20 events):
Event: 6.078 GC heap before
{Heap before GC invocations=4 (full 0):
 garbage-first heap   total 65536K, used 47333K [0x0000000080000000, 0x0000000100000000)
  region size 1024K, 38 young (38912K), 9 survivors (9216K)
 Metaspace       used 26230K, committed 26432K, reserved 1073152K
  class space    used 3414K, committed 3520K, reserved 1048576K
}
Event: 6.088 GC heap after
{Heap after GC invocations=5 (full 0):
 garbage-first heap   total 65536K, used 19105K [0x0000000080000000, 0x0000000100000000)
  region size 1024K, 2 young (2048K), 2 survivors (2048K)
 Metaspace       used 26230K, committed 26432K, reserved 1073152K
  class space    used 3414K, committed 3520K, reserved 1048576K
}
Event: 6.135 GC heap before
{Heap before GC invocations=5 (full 0):
 garbage-first heap   total 65536K, used 20129K [0x0000000080000000, 0x0000000100000000)
  region size 1024K, 3 young (3072K), 2 survivors (2048K)
 Metaspace       used 26422K, committed 26752K, reserved 1073152K
  class space    used 3444K, committed 3584K, reserved 1048576K
}
Event: 6.139 GC heap after
{Heap after GC invocations=6 (full 0):
 garbage-first heap   total 65536K, used 19267K [0x0000000080000000, 0x0000000100000000)
  region size 1024K, 1 young (1024K), 1 survivors (1024K)
 Metaspace       used 26422K, committed 26752K, reserved 1073152K
  class space    used 3444K, committed 3584K, reserved 1048576K
}
Event: 7.320 GC heap before
{Heap before GC invocations=6 (full 0):
 garbage-first heap   total 65536K, used 46915K [0x0000000080000000, 0x0000000100000000)
  region size 1024K, 19 young (19456K), 1 survivors (1024K)
 Metaspace       used 28902K, committed 29248K, reserved 1081344K
  class space    used 3869K, committed 4032K, reserved 1048576K
}
Event: 7.326 GC heap after
{Heap after GC invocations=7 (full 0):
 garbage-first heap   total 65536K, used 33711K [0x0000000080000000, 0x0000000100000000)
  region size 1024K, 4 young (4096K), 4 survivors (4096K)
 Metaspace       used 28902K, committed 29248K, reserved 1081344K
  class space    used 3869K, committed 4032K, reserved 1048576K
}
Event: 8.048 GC heap before
{Heap before GC invocations=8 (full 0):
 garbage-first heap   total 75776K, used 64431K [0x0000000080000000, 0x0000000100000000)
  region size 1024K, 17 young (17408K), 4 survivors (4096K)
 Metaspace       used 30579K, committed 30976K, reserved 1081344K
  class space    used 4163K, committed 4352K, reserved 1048576K
}
Event: 8.053 GC heap after
{Heap after GC invocations=9 (full 0):
 garbage-first heap   total 75776K, used 53602K [0x0000000080000000, 0x0000000100000000)
  region size 1024K, 1 young (1024K), 1 survivors (1024K)
 Metaspace       used 30579K, committed 30976K, reserved 1081344K
  class space    used 4163K, committed 4352K, reserved 1048576K
}
Event: 8.137 GC heap before
{Heap before GC invocations=9 (full 0):
 garbage-first heap   total 75776K, used 55650K [0x0000000080000000, 0x0000000100000000)
  region size 1024K, 3 young (3072K), 1 survivors (1024K)
 Metaspace       used 30811K, committed 31232K, reserved 1081344K
  class space    used 4201K, committed 4416K, reserved 1048576K
}
Event: 8.139 GC heap after
{Heap after GC invocations=10 (full 0):
 garbage-first heap   total 75776K, used 53524K [0x0000000080000000, 0x0000000100000000)
  region size 1024K, 1 young (1024K), 1 survivors (1024K)
 Metaspace       used 30811K, committed 31232K, reserved 1081344K
  class space    used 4201K, committed 4416K, reserved 1048576K
}
Event: 8.561 GC heap before
{Heap before GC invocations=10 (full 0):
 garbage-first heap   total 75776K, used 59668K [0x0000000080000000, 0x0000000100000000)
  region size 1024K, 8 young (8192K), 1 survivors (1024K)
 Metaspace       used 31908K, committed 32256K, reserved 1081344K
  class space    used 4366K, committed 4544K, reserved 1048576K
}
Event: 8.563 GC heap after
{Heap after GC invocations=11 (full 0):
 garbage-first heap   total 102400K, used 53854K [0x0000000080000000, 0x0000000100000000)
  region size 1024K, 1 young (1024K), 1 survivors (1024K)
 Metaspace       used 31908K, committed 32256K, reserved 1081344K
  class space    used 4366K, committed 4544K, reserved 1048576K
}
Event: 9.784 GC heap before
{Heap before GC invocations=12 (full 0):
 garbage-first heap   total 102400K, used 77406K [0x0000000080000000, 0x0000000100000000)
  region size 1024K, 25 young (25600K), 1 survivors (1024K)
 Metaspace       used 36812K, committed 37184K, reserved 1081344K
  class space    used 4985K, committed 5184K, reserved 1048576K
}
Event: 9.789 GC heap after
{Heap after GC invocations=13 (full 0):
 garbage-first heap   total 102400K, used 55865K [0x0000000080000000, 0x0000000100000000)
  region size 1024K, 3 young (3072K), 3 survivors (3072K)
 Metaspace       used 36812K, committed 37184K, reserved 1081344K
  class space    used 4985K, committed 5184K, reserved 1048576K
}
Event: 10.540 GC heap before
{Heap before GC invocations=13 (full 0):
 garbage-first heap   total 102400K, used 79417K [0x0000000080000000, 0x0000000100000000)
  region size 1024K, 27 young (27648K), 3 survivors (3072K)
 Metaspace       used 40516K, committed 40896K, reserved 1089536K
  class space    used 5376K, committed 5568K, reserved 1048576K
}
Event: 10.547 GC heap after
{Heap after GC invocations=14 (full 0):
 garbage-first heap   total 102400K, used 59190K [0x0000000080000000, 0x0000000100000000)
  region size 1024K, 4 young (4096K), 4 survivors (4096K)
 Metaspace       used 40516K, committed 40896K, reserved 1089536K
  class space    used 5376K, committed 5568K, reserved 1048576K
}
Event: 10.791 GC heap before
{Heap before GC invocations=15 (full 0):
 garbage-first heap   total 102400K, used 68406K [0x0000000080000000, 0x0000000100000000)
  region size 1024K, 15 young (15360K), 4 survivors (4096K)
 Metaspace       used 41004K, committed 41408K, reserved 1089536K
  class space    used 5432K, committed 5632K, reserved 1048576K
}
Event: 10.798 GC heap after
{Heap after GC invocations=16 (full 0):
 garbage-first heap   total 102400K, used 61114K [0x0000000080000000, 0x0000000100000000)
  region size 1024K, 2 young (2048K), 2 survivors (2048K)
 Metaspace       used 41004K, committed 41408K, reserved 1089536K
  class space    used 5432K, committed 5632K, reserved 1048576K
}
Event: 11.831 GC heap before
{Heap before GC invocations=17 (full 0):
 garbage-first heap   total 109568K, used 84666K [0x0000000080000000, 0x0000000100000000)
  region size 1024K, 23 young (23552K), 2 survivors (2048K)
 Metaspace       used 44532K, committed 44928K, reserved 1089536K
  class space    used 5857K, committed 6080K, reserved 1048576K
}
Event: 11.836 GC heap after
{Heap after GC invocations=18 (full 0):
 garbage-first heap   total 109568K, used 62141K [0x0000000080000000, 0x0000000100000000)
  region size 1024K, 2 young (2048K), 2 survivors (2048K)
 Metaspace       used 44532K, committed 44928K, reserved 1089536K
  class space    used 5857K, committed 6080K, reserved 1048576K
}

