# JRE version: OpenJDK Runtime Environment (17.0.6) (build 17.0.6+0-b2043.56-9586694)
# Java VM: OpenJDK 64-Bit Server VM (17.0.6+0-b2043.56-9586694, mixed mode, tiered, compressed oops, compressed class ptrs, g1 gc, windows-amd64)
GC Precious Log:
 CPUs: 8 total, 8 available
 Memory: 12030M
 Large Page Support: Disabled
 NUMA Support: Disabled
 Compressed Oops: Enabled (32-bit)
 Heap Region Size: 1M
 Heap Min Capacity: 8M
 Heap Initial Capacity: 188M
 Heap Max Capacity: 2G
 Pre-touch: Disabled
 Parallel Workers: 8
 Concurrent Workers: 2
 Concurrent Refinement Workers: 8
 Periodic GC: Disabled
Heap:
 garbage-first heap   total 425984K, used 352527K [0x0000000080000000, 0x0000000100000000)
  region size 1024K, 223 young (228352K), 18 survivors (18432K)
 Metaspace       used 51490K, committed 51904K, reserved 1097728K
  class space    used 6802K, committed 6976K, reserved 1048576K
GC Heap History (20 events):
Event: 44.762 GC heap before
{Heap before GC invocations=87 (full 0):
 garbage-first heap   total 356352K, used 311112K [0x0000000080000000, 0x0000000100000000)
  region size 1024K, 195 young (199680K), 10 survivors (10240K)
 Metaspace       used 51324K, committed 51712K, reserved 1097728K
  class space    used 6780K, committed 6976K, reserved 1048576K
}
Event: 44.772 GC heap after
{Heap after GC invocations=88 (full 0):
 garbage-first heap   total 356352K, used 122917K [0x0000000080000000, 0x0000000100000000)
  region size 1024K, 13 young (13312K), 13 survivors (13312K)
 Metaspace       used 51324K, committed 51712K, reserved 1097728K
  class space    used 6780K, committed 6976K, reserved 1048576K
}
Event: 45.313 GC heap before
{Heap before GC invocations=88 (full 0):
 garbage-first heap   total 356352K, used 309285K [0x0000000080000000, 0x0000000100000000)
  region size 1024K, 192 young (196608K), 13 survivors (13312K)
 Metaspace       used 51324K, committed 51712K, reserved 1097728K
  class space    used 6780K, committed 6976K, reserved 1048576K
}
Event: 45.324 GC heap after
{Heap after GC invocations=89 (full 0):
 garbage-first heap   total 356352K, used 125268K [0x0000000080000000, 0x0000000100000000)
  region size 1024K, 15 young (15360K), 15 survivors (15360K)
 Metaspace       used 51324K, committed 51712K, reserved 1097728K
  class space    used 6780K, committed 6976K, reserved 1048576K
}
Event: 45.729 GC heap before
{Heap before GC invocations=89 (full 0):
 garbage-first heap   total 356352K, used 313684K [0x0000000080000000, 0x0000000100000000)
  region size 1024K, 190 young (194560K), 15 survivors (15360K)
 Metaspace       used 51324K, committed 51712K, reserved 1097728K
  class space    used 6780K, committed 6976K, reserved 1048576K
}
Event: 45.740 GC heap after
{Heap after GC invocations=90 (full 0):
 garbage-first heap   total 356352K, used 126701K [0x0000000080000000, 0x0000000100000000)
  region size 1024K, 15 young (15360K), 15 survivors (15360K)
 Metaspace       used 51324K, committed 51712K, reserved 1097728K
  class space    used 6780K, committed 6976K, reserved 1048576K
}
Event: 46.157 GC heap before
{Heap before GC invocations=90 (full 0):
 garbage-first heap   total 356352K, used 304877K [0x0000000080000000, 0x0000000100000000)
  region size 1024K, 188 young (192512K), 15 survivors (15360K)
 Metaspace       used 51324K, committed 51712K, reserved 1097728K
  class space    used 6780K, committed 6976K, reserved 1048576K
}
Event: 46.174 GC heap after
{Heap after GC invocations=91 (full 0):
 garbage-first heap   total 356352K, used 129180K [0x0000000080000000, 0x0000000100000000)
  region size 1024K, 14 young (14336K), 14 survivors (14336K)
 Metaspace       used 51324K, committed 51712K, reserved 1097728K
  class space    used 6780K, committed 6976K, reserved 1048576K
}
Event: 46.571 GC heap before
{Heap before GC invocations=91 (full 0):
 garbage-first heap   total 356352K, used 307356K [0x0000000080000000, 0x0000000100000000)
  region size 1024K, 186 young (190464K), 14 survivors (14336K)
 Metaspace       used 51324K, committed 51712K, reserved 1097728K
  class space    used 6780K, committed 6976K, reserved 1048576K
}
Event: 46.583 GC heap after
{Heap after GC invocations=92 (full 0):
 garbage-first heap   total 356352K, used 132075K [0x0000000080000000, 0x0000000100000000)
  region size 1024K, 16 young (16384K), 16 survivors (16384K)
 Metaspace       used 51324K, committed 51712K, reserved 1097728K
  class space    used 6780K, committed 6976K, reserved 1048576K
}
Event: 46.988 GC heap before
{Heap before GC invocations=92 (full 0):
 garbage-first heap   total 356352K, used 303083K [0x0000000080000000, 0x0000000100000000)
  region size 1024K, 183 young (187392K), 16 survivors (16384K)
 Metaspace       used 51324K, committed 51712K, reserved 1097728K
  class space    used 6780K, committed 6976K, reserved 1048576K
}
Event: 47.002 GC heap after
{Heap after GC invocations=93 (full 0):
 garbage-first heap   total 425984K, used 133571K [0x0000000080000000, 0x0000000100000000)
  region size 1024K, 14 young (14336K), 14 survivors (14336K)
 Metaspace       used 51324K, committed 51712K, reserved 1097728K
  class space    used 6780K, committed 6976K, reserved 1048576K
}
Event: 47.535 GC heap before
{Heap before GC invocations=93 (full 0):
 garbage-first heap   total 425984K, used 368067K [0x0000000080000000, 0x0000000100000000)
  region size 1024K, 243 young (248832K), 14 survivors (14336K)
 Metaspace       used 51324K, committed 51712K, reserved 1097728K
  class space    used 6780K, committed 6976K, reserved 1048576K
}
Event: 47.547 GC heap after
{Heap after GC invocations=94 (full 0):
 garbage-first heap   total 425984K, used 135252K [0x0000000080000000, 0x0000000100000000)
  region size 1024K, 16 young (16384K), 16 survivors (16384K)
 Metaspace       used 51324K, committed 51712K, reserved 1097728K
  class space    used 6780K, committed 6976K, reserved 1048576K
}
Event: 48.078 GC heap before
{Heap before GC invocations=94 (full 0):
 garbage-first heap   total 425984K, used 365652K [0x0000000080000000, 0x0000000100000000)
  region size 1024K, 241 young (246784K), 16 survivors (16384K)
 Metaspace       used 51326K, committed 51712K, reserved 1097728K
  class space    used 6780K, committed 6976K, reserved 1048576K
}
Event: 48.093 GC heap after
{Heap after GC invocations=95 (full 0):
 garbage-first heap   total 425984K, used 137354K [0x0000000080000000, 0x0000000100000000)
  region size 1024K, 18 young (18432K), 18 survivors (18432K)
 Metaspace       used 51326K, committed 51712K, reserved 1097728K
  class space    used 6780K, committed 6976K, reserved 1048576K
}
Event: 48.642 GC heap before
{Heap before GC invocations=95 (full 0):
 garbage-first heap   total 425984K, used 363658K [0x0000000080000000, 0x0000000100000000)
  region size 1024K, 239 young (244736K), 18 survivors (18432K)
 Metaspace       used 51326K, committed 51712K, reserved 1097728K
  class space    used 6780K, committed 6976K, reserved 1048576K
}
Event: 48.658 GC heap after
{Heap after GC invocations=96 (full 0):
 garbage-first heap   total 425984K, used 139562K [0x0000000080000000, 0x0000000100000000)
  region size 1024K, 18 young (18432K), 18 survivors (18432K)
 Metaspace       used 51326K, committed 51712K, reserved 1097728K
  class space    used 6780K, committed 6976K, reserved 1048576K
}
Event: 49.222 GC heap before
{Heap before GC invocations=96 (full 0):
 garbage-first heap   total 425984K, used 363818K [0x0000000080000000, 0x0000000100000000)
  region size 1024K, 237 young (242688K), 18 survivors (18432K)
 Metaspace       used 51326K, committed 51712K, reserved 1097728K
  class space    used 6780K, committed 6976K, reserved 1048576K
}
Event: 49.237 GC heap after
{Heap after GC invocations=97 (full 0):
 garbage-first heap   total 425984K, used 141583K [0x0000000080000000, 0x0000000100000000)
  region size 1024K, 18 young (18432K), 18 survivors (18432K)
 Metaspace       used 51326K, committed 51712K, reserved 1097728K
  class space    used 6780K, committed 6976K, reserved 1048576K
}

